{
  "stats": {
    "suites": 2,
    "tests": 5,
    "passes": 5,
    "pending": 0,
    "failures": 0,
    "start": "2022-02-26T09:17:09.028Z",
    "end": "2022-02-26T09:17:22.930Z",
    "duration": 13902,
    "testsRegistered": 5,
    "passPercent": 100,
    "pendingPercent": 0,
    "other": 0,
    "hasOther": false,
    "skipped": 0,
    "hasSkipped": false
  },
  "results": [
    {
      "uuid": "a68f7c1e-f548-4165-9c29-309149962c22",
      "title": "",
      "fullFile": "",
      "file": "",
      "beforeHooks": [],
      "afterHooks": [],
      "tests": [],
      "suites": [
        {
          "uuid": "673e5ca2-36fa-40df-8d17-ce386946ae22",
          "title": "TEST SUITE 1",
          "fullFile": "C:\\Users\\moelh\\Desktop\\CS 458\\netflix-login\\tests\\test_case_1.js",
          "file": "\\test_case_1.js",
          "beforeHooks": [
            {
              "title": "\"before all\" hook in \"TEST SUITE 1\"",
              "fullTitle": "TEST SUITE 1 \"before all\" hook in \"TEST SUITE 1\"",
              "timedOut": false,
              "duration": 0,
              "state": null,
              "speed": null,
              "pass": false,
              "fail": false,
              "pending": false,
              "context": null,
              "code": "// do something before test suite execution\n// no matter if there are failed cases",
              "err": {},
              "uuid": "7f7544ff-adee-43b3-bd54-bf98bacb0ca5",
              "parentUUID": "673e5ca2-36fa-40df-8d17-ce386946ae22",
              "isHook": true,
              "skipped": false
            },
            {
              "title": "\"before each\" hook in \"TEST SUITE 1\"",
              "fullTitle": "TEST SUITE 1 \"before each\" hook in \"TEST SUITE 1\"",
              "timedOut": false,
              "duration": 0,
              "state": null,
              "speed": null,
              "pass": false,
              "fail": false,
              "pending": false,
              "context": null,
              "code": "// do something before test case execution\n// no matter if there are failed cases",
              "err": {},
              "uuid": "2f51f2d4-7977-4a53-bd05-cbb90f388e77",
              "parentUUID": "673e5ca2-36fa-40df-8d17-ce386946ae22",
              "isHook": true,
              "skipped": false
            }
          ],
          "afterHooks": [
            {
              "title": "\"after all\" hook in \"TEST SUITE 1\"",
              "fullTitle": "TEST SUITE 1 \"after all\" hook in \"TEST SUITE 1\"",
              "timedOut": false,
              "duration": 0,
              "state": null,
              "speed": null,
              "pass": false,
              "fail": false,
              "pending": false,
              "context": null,
              "code": "// do something after test suite execution is finished\n// no matter if there are failed cases",
              "err": {},
              "uuid": "4c53b10e-5d52-454a-b79a-92af8f2333ed",
              "parentUUID": "673e5ca2-36fa-40df-8d17-ce386946ae22",
              "isHook": true,
              "skipped": false
            },
            {
              "title": "\"after each\" hook in \"TEST SUITE 1\"",
              "fullTitle": "TEST SUITE 1 \"after each\" hook in \"TEST SUITE 1\"",
              "timedOut": false,
              "duration": 0,
              "state": null,
              "speed": null,
              "pass": false,
              "fail": false,
              "pending": false,
              "context": null,
              "code": "// do something after test case execution is finished\n// no matter if there are failed cases",
              "err": {},
              "uuid": "588d6941-5029-4cc7-98c5-a17d8d7c84af",
              "parentUUID": "673e5ca2-36fa-40df-8d17-ce386946ae22",
              "isHook": true,
              "skipped": false
            }
          ],
          "tests": [
            {
              "title": "Test-1",
              "fullTitle": "TEST SUITE 1 Test-1",
              "timedOut": false,
              "duration": 0,
              "state": "passed",
              "speed": "fast",
              "pass": true,
              "fail": false,
              "pending": false,
              "context": null,
              "code": "// test Code\n// assertions",
              "err": {},
              "uuid": "ffb0f36c-b90d-4b2a-8a18-c9614063788c",
              "parentUUID": "673e5ca2-36fa-40df-8d17-ce386946ae22",
              "isHook": false,
              "skipped": false
            },
            {
              "title": "Test-2",
              "fullTitle": "TEST SUITE 1 Test-2",
              "timedOut": false,
              "duration": 0,
              "state": "passed",
              "speed": "fast",
              "pass": true,
              "fail": false,
              "pending": false,
              "context": null,
              "code": "// test Code\n// assertions",
              "err": {},
              "uuid": "970bdfab-ed15-40b7-8288-70215d94cbcf",
              "parentUUID": "673e5ca2-36fa-40df-8d17-ce386946ae22",
              "isHook": false,
              "skipped": false
            },
            {
              "title": "Test-3",
              "fullTitle": "TEST SUITE 1 Test-3",
              "timedOut": false,
              "duration": 0,
              "state": "passed",
              "speed": "fast",
              "pass": true,
              "fail": false,
              "pending": false,
              "context": null,
              "code": "// test Code\n// assertions",
              "err": {},
              "uuid": "e658267f-cc1c-4c64-898e-585aa78907ea",
              "parentUUID": "673e5ca2-36fa-40df-8d17-ce386946ae22",
              "isHook": false,
              "skipped": false
            }
          ],
          "suites": [],
          "passes": [
            "ffb0f36c-b90d-4b2a-8a18-c9614063788c",
            "970bdfab-ed15-40b7-8288-70215d94cbcf",
            "e658267f-cc1c-4c64-898e-585aa78907ea"
          ],
          "failures": [],
          "pending": [],
          "skipped": [],
          "duration": 0,
          "root": false,
          "rootEmpty": false,
          "_timeout": 10000
        },
        {
          "uuid": "63120247-3c22-4ef5-a5d7-1ad4cde64b25",
          "title": "TEST SUITE 3",
          "fullFile": "C:\\Users\\moelh\\Desktop\\CS 458\\netflix-login\\tests\\test_case_3.js",
          "file": "\\test_case_3.js",
          "beforeHooks": [
            {
              "title": "\"before each\" hook in \"TEST SUITE 3\"",
              "fullTitle": "TEST SUITE 3 \"before each\" hook in \"TEST SUITE 3\"",
              "timedOut": false,
              "duration": 688,
              "state": null,
              "speed": null,
              "pass": false,
              "fail": false,
              "pending": false,
              "context": null,
              "code": "driver = await buildDriver();",
              "err": {},
              "uuid": "9faa3de0-ad1a-4181-a16c-4f6f6554d72e",
              "parentUUID": "63120247-3c22-4ef5-a5d7-1ad4cde64b25",
              "isHook": true,
              "skipped": false
            }
          ],
          "afterHooks": [
            {
              "title": "\"after each\" hook in \"TEST SUITE 3\"",
              "fullTitle": "TEST SUITE 3 \"after each\" hook in \"TEST SUITE 3\"",
              "timedOut": false,
              "duration": 146,
              "state": null,
              "speed": null,
              "pass": false,
              "fail": false,
              "pending": false,
              "context": null,
              "code": "await driver.quit();",
              "err": {},
              "uuid": "9aa47040-c83d-448d-b83e-a3ab737eee27",
              "parentUUID": "63120247-3c22-4ef5-a5d7-1ad4cde64b25",
              "isHook": true,
              "skipped": false
            }
          ],
          "tests": [
            {
              "title": "Verifies if the 'Remember Me' functionality keeps the user credentials after logout.",
              "fullTitle": "TEST SUITE 3 Verifies if the 'Remember Me' functionality keeps the user credentials after logout.",
              "timedOut": false,
              "duration": 4017,
              "state": "passed",
              "speed": "slow",
              "pass": true,
              "fail": false,
              "pending": false,
              "context": null,
              "code": "// Login with remember me enabled\nawait driver.get(BASE_URL);\nawait loginWithRememberMe(driver);\nawait driver.wait(until.elementLocated(By.id(\"logout\")));\n// Get local storage object\nconst oldStorage = await driver.executeScript(`return localStorage`);\n// Quit current driver and create new one\nawait driver.quit();\ndriver = await buildDriver();\n// Set the local storage of the new driver to include\n// the username and password\nawait driver.get(BASE_URL);\nawait driver.executeScript(\"localStorage.setItem(arguments[0], arguments[1])\", \"Username\", oldStorage[\"Username\"]);\nawait driver.executeScript(\"localStorage.setItem(arguments[0], arguments[1])\", \"Password\", oldStorage[\"Password\"]);\nawait driver.wait(until.elementLocated(By.id(\"email_phone\")));\nconst usernameValue = await driver.findElement(By.id(\"email_phone\")).getAttribute(\"value\");\nconst passwordValue = await driver.findElement(By.id(\"password\")).getAttribute(\"value\");\nexpect(usernameValue).to.equal(oldStorage[\"Username\"]) && expect(passwordValue).to.equal(oldStorage[\"Password\"]);",
              "err": {},
              "uuid": "0634ed94-dd61-48dc-8f62-eb61acb2f756",
              "parentUUID": "63120247-3c22-4ef5-a5d7-1ad4cde64b25",
              "isHook": false,
              "skipped": false
            },
            {
              "title": "Verifies if a user should be able to login with the same credentials in different browsers at the same time.",
              "fullTitle": "TEST SUITE 3 Verifies if a user should be able to login with the same credentials in different browsers at the same time.",
              "timedOut": false,
              "duration": 8360,
              "state": "passed",
              "speed": "slow",
              "pass": true,
              "fail": false,
              "pending": false,
              "context": null,
              "code": "// Login with chrome\nawait login(driver);\n// Login with firefox\nconst firefoxDriver = await new Builder().forBrowser(\"firefox\").build();\nawait login(firefoxDriver);\n// Check titles\nconst chromeTitle = await driver.getTitle();\nconst firefoxTitle = await firefoxDriver.getTitle();\nexpect(chromeTitle).to.equal(firefoxTitle).to.equal(\"Netflix Home\");\nfirefoxDriver.quit();",
              "err": {},
              "uuid": "8a6cdbf4-b546-43a1-833e-7f1ad192b3a5",
              "parentUUID": "63120247-3c22-4ef5-a5d7-1ad4cde64b25",
              "isHook": false,
              "skipped": false
            }
          ],
          "suites": [],
          "passes": [
            "0634ed94-dd61-48dc-8f62-eb61acb2f756",
            "8a6cdbf4-b546-43a1-833e-7f1ad192b3a5"
          ],
          "failures": [],
          "pending": [],
          "skipped": [],
          "duration": 12377,
          "root": false,
          "rootEmpty": false,
          "_timeout": 10000
        }
      ],
      "passes": [],
      "failures": [],
      "pending": [],
      "skipped": [],
      "duration": 0,
      "root": true,
      "rootEmpty": true,
      "_timeout": 10000
    }
  ],
  "meta": {
    "mocha": {
      "version": "9.2.1"
    },
    "mochawesome": {
      "options": {
        "quiet": false,
        "reportFilename": "mochawesome",
        "saveHtml": true,
        "saveJson": true,
        "consoleReporter": "spec",
        "useInlineDiffs": false,
        "code": true
      },
      "version": "7.0.1"
    },
    "marge": {
      "options": null,
      "version": "6.0.1"
    }
  }
}