{
  "stats": {
    "suites": 4,
    "tests": 6,
    "passes": 6,
    "pending": 0,
    "failures": 0,
    "start": "2022-02-26T12:59:15.250Z",
    "end": "2022-02-26T12:59:38.875Z",
    "duration": 23625,
    "testsRegistered": 6,
    "passPercent": 100,
    "pendingPercent": 0,
    "other": 0,
    "hasOther": false,
    "skipped": 0,
    "hasSkipped": false
  },
  "results": [
    {
      "uuid": "5e0074c5-6429-4ab4-99a6-594109ed2cdc",
      "title": "",
      "fullFile": "",
      "file": "",
      "beforeHooks": [],
      "afterHooks": [],
      "tests": [],
      "suites": [
        {
          "uuid": "8678fba9-80cd-46d9-8659-05ff76057e21",
          "title": "TEST SUITE 1 (Credential Tests)",
          "fullFile": "C:\\Users\\moelh\\Desktop\\CS 458\\netflix-login\\tests\\test_case_1.js",
          "file": "\\test_case_1.js",
          "beforeHooks": [
            {
              "title": "\"before each\" hook in \"TEST SUITE 1 (Credential Tests)\"",
              "fullTitle": "TEST SUITE 1 (Credential Tests) \"before each\" hook in \"TEST SUITE 1 (Credential Tests)\"",
              "timedOut": false,
              "duration": 691,
              "state": null,
              "speed": null,
              "pass": false,
              "fail": false,
              "pending": false,
              "context": null,
              "code": "driver = await buildDriver();",
              "err": {},
              "uuid": "9c741197-b502-4a42-bfbe-eba9ed5da477",
              "parentUUID": "8678fba9-80cd-46d9-8659-05ff76057e21",
              "isHook": true,
              "skipped": false
            }
          ],
          "afterHooks": [
            {
              "title": "\"after each\" hook in \"TEST SUITE 1 (Credential Tests)\"",
              "fullTitle": "TEST SUITE 1 (Credential Tests) \"after each\" hook in \"TEST SUITE 1 (Credential Tests)\"",
              "timedOut": false,
              "duration": 59,
              "state": null,
              "speed": null,
              "pass": false,
              "fail": false,
              "pending": false,
              "context": null,
              "code": "await driver.quit();",
              "err": {},
              "uuid": "2d854ad2-48d2-4a76-b0cd-a7ab3c256845",
              "parentUUID": "8678fba9-80cd-46d9-8659-05ff76057e21",
              "isHook": true,
              "skipped": false
            }
          ],
          "tests": [
            {
              "title": "Verifies if the user can login with registered email and password.",
              "fullTitle": "TEST SUITE 1 (Credential Tests) Verifies if the user can login with registered email and password.",
              "timedOut": false,
              "duration": 2718,
              "state": "passed",
              "speed": "slow",
              "pass": true,
              "fail": false,
              "pending": false,
              "context": null,
              "code": "await driver.get(BASE_URL);\nawait driver.wait(until.elementLocated(By.id(\"email-phone\")));\nawait driver.findElement(By.id(\"email-phone\")).sendKeys(\"elham@gmail.com\");\nawait driver.findElement(By.id(\"password\")).sendKeys(\"elham123\");\nawait driver.findElement(By.id(\"login-button\")).click();\nawait driver.wait(until.elementLocated(By.id(\"logout_button\")));\nconst title = await driver.getTitle();\nexpect(title).to.equal(\"Netflix Home\");",
              "err": {},
              "uuid": "64de0365-e5e4-41b9-8880-323fd3993b47",
              "parentUUID": "8678fba9-80cd-46d9-8659-05ff76057e21",
              "isHook": false,
              "skipped": false
            },
            {
              "title": "Verifies if user cannot login with unregistered email and password.",
              "fullTitle": "TEST SUITE 1 (Credential Tests) Verifies if user cannot login with unregistered email and password.",
              "timedOut": false,
              "duration": 1947,
              "state": "passed",
              "speed": "slow",
              "pass": true,
              "fail": false,
              "pending": false,
              "context": null,
              "code": "await driver.get(BASE_URL);\nawait driver.wait(until.elementLocated(By.id(\"email-phone\")));\nawait driver.findElement(By.id(\"email-phone\")).sendKeys(\"elham@hotmail.com\");\nawait driver.findElement(By.id(\"password\")).sendKeys(\"password123\");\nawait driver.findElement(By.id(\"login-button\")).click();\nawait driver.wait(until.elementLocated(By.id(\"message-container\")));\nlet errorMessage = await driver.findElement(By.id(\"message-container\")).getText();\nexpect(errorMessage).to.equal(\n  \"Bu e-posta adresi ile bağlantılı bir hesap bulamadık. Lütfen yeniden deneyin ya da yeni bir hesap oluşturun.\"\n);",
              "err": {},
              "uuid": "ba2523c4-507f-4afd-88dc-45ed178dbb2c",
              "parentUUID": "8678fba9-80cd-46d9-8659-05ff76057e21",
              "isHook": false,
              "skipped": false
            }
          ],
          "suites": [],
          "passes": [
            "64de0365-e5e4-41b9-8880-323fd3993b47",
            "ba2523c4-507f-4afd-88dc-45ed178dbb2c"
          ],
          "failures": [],
          "pending": [],
          "skipped": [],
          "duration": 4665,
          "root": false,
          "rootEmpty": false,
          "_timeout": 10000
        },
        {
          "uuid": "8765e678-da2d-4185-8593-0c8259082133",
          "title": "TEST SUITE 2 (Remember Me Test)",
          "fullFile": "C:\\Users\\moelh\\Desktop\\CS 458\\netflix-login\\tests\\test_case_2.js",
          "file": "\\test_case_2.js",
          "beforeHooks": [
            {
              "title": "\"before each\" hook in \"TEST SUITE 2 (Remember Me Test)\"",
              "fullTitle": "TEST SUITE 2 (Remember Me Test) \"before each\" hook in \"TEST SUITE 2 (Remember Me Test)\"",
              "timedOut": false,
              "duration": 816,
              "state": null,
              "speed": null,
              "pass": false,
              "fail": false,
              "pending": false,
              "context": null,
              "code": "driver = await buildDriver();",
              "err": {},
              "uuid": "7a8fdc94-879c-4e12-9c63-2b06671b99fe",
              "parentUUID": "8765e678-da2d-4185-8593-0c8259082133",
              "isHook": true,
              "skipped": false
            }
          ],
          "afterHooks": [
            {
              "title": "\"after each\" hook in \"TEST SUITE 2 (Remember Me Test)\"",
              "fullTitle": "TEST SUITE 2 (Remember Me Test) \"after each\" hook in \"TEST SUITE 2 (Remember Me Test)\"",
              "timedOut": false,
              "duration": 188,
              "state": null,
              "speed": null,
              "pass": false,
              "fail": false,
              "pending": false,
              "context": null,
              "code": "await driver.quit();",
              "err": {},
              "uuid": "0120f2cb-ed81-4025-99c3-0152f020f152",
              "parentUUID": "8765e678-da2d-4185-8593-0c8259082133",
              "isHook": true,
              "skipped": false
            }
          ],
          "tests": [
            {
              "title": "Verifies if the 'Remember Me' functionality keeps the user credentials after logout.",
              "fullTitle": "TEST SUITE 2 (Remember Me Test) Verifies if the 'Remember Me' functionality keeps the user credentials after logout.",
              "timedOut": false,
              "duration": 2892,
              "state": "passed",
              "speed": "slow",
              "pass": true,
              "fail": false,
              "pending": false,
              "context": null,
              "code": "// Login with remember me enabled\nawait loginWithRememberMe(driver);\nawait driver.wait(until.elementLocated(By.id(\"logout_button\")));\n// Get local storage object\nconst localStorage = await driver.executeScript(`return localStorage`);\n// Logout and check remembered values\nawait logout(driver);\nawait driver.get(BASE_URL);\nawait driver.wait(until.elementLocated(By.id(\"email-phone\")));\nconst usernameValue = await driver.findElement(By.id(\"email-phone\")).getAttribute(\"value\");\nconst passwordValue = await driver.findElement(By.id(\"password\")).getAttribute(\"value\");\nexpect(usernameValue).to.equal(localStorage[\"Username\"]) && expect(passwordValue).to.equal(localStorage[\"Password\"]);",
              "err": {},
              "uuid": "47c6ed24-6ea6-4586-a926-cc45c3d1d7d1",
              "parentUUID": "8765e678-da2d-4185-8593-0c8259082133",
              "isHook": false,
              "skipped": false
            }
          ],
          "suites": [],
          "passes": [
            "47c6ed24-6ea6-4586-a926-cc45c3d1d7d1"
          ],
          "failures": [],
          "pending": [],
          "skipped": [],
          "duration": 2892,
          "root": false,
          "rootEmpty": false,
          "_timeout": 10000
        },
        {
          "uuid": "38f69365-808c-4a66-aee7-c63f060d6fda",
          "title": "TEST SUITE 4 (Different Browsers Test)",
          "fullFile": "C:\\Users\\moelh\\Desktop\\CS 458\\netflix-login\\tests\\test_case_4.js",
          "file": "\\test_case_4.js",
          "beforeHooks": [
            {
              "title": "\"before each\" hook in \"TEST SUITE 4 (Different Browsers Test)\"",
              "fullTitle": "TEST SUITE 4 (Different Browsers Test) \"before each\" hook in \"TEST SUITE 4 (Different Browsers Test)\"",
              "timedOut": false,
              "duration": 762,
              "state": null,
              "speed": null,
              "pass": false,
              "fail": false,
              "pending": false,
              "context": null,
              "code": "driver = await buildDriver();",
              "err": {},
              "uuid": "cb9ecf5a-209b-4cde-878e-b3f486b4dc65",
              "parentUUID": "38f69365-808c-4a66-aee7-c63f060d6fda",
              "isHook": true,
              "skipped": false
            }
          ],
          "afterHooks": [
            {
              "title": "\"after each\" hook in \"TEST SUITE 4 (Different Browsers Test)\"",
              "fullTitle": "TEST SUITE 4 (Different Browsers Test) \"after each\" hook in \"TEST SUITE 4 (Different Browsers Test)\"",
              "timedOut": false,
              "duration": 178,
              "state": null,
              "speed": null,
              "pass": false,
              "fail": false,
              "pending": false,
              "context": null,
              "code": "await driver.quit();",
              "err": {},
              "uuid": "9eae5a1d-b002-40fd-8aae-435b0b99bff2",
              "parentUUID": "38f69365-808c-4a66-aee7-c63f060d6fda",
              "isHook": true,
              "skipped": false
            }
          ],
          "tests": [
            {
              "title": "Verifies if a user should be able to login with the same credentials in different browsers at the same time.",
              "fullTitle": "TEST SUITE 4 (Different Browsers Test) Verifies if a user should be able to login with the same credentials in different browsers at the same time.",
              "timedOut": false,
              "duration": 9600,
              "state": "passed",
              "speed": "slow",
              "pass": true,
              "fail": false,
              "pending": false,
              "context": null,
              "code": "// Login with chrome\nawait login(driver);\n// Login with firefox\nconst firefoxDriver = await new Builder().forBrowser(\"firefox\").build();\nawait login(firefoxDriver);\n// Check titles\nconst chromeTitle = await driver.getTitle();\nconst firefoxTitle = await firefoxDriver.getTitle();\nexpect(chromeTitle).to.equal(firefoxTitle).to.equal(\"Netflix Home\");\nfirefoxDriver.quit();",
              "err": {},
              "uuid": "186c75ad-615b-4771-8973-79327ef84a24",
              "parentUUID": "38f69365-808c-4a66-aee7-c63f060d6fda",
              "isHook": false,
              "skipped": false
            }
          ],
          "suites": [],
          "passes": [
            "186c75ad-615b-4771-8973-79327ef84a24"
          ],
          "failures": [],
          "pending": [],
          "skipped": [],
          "duration": 9600,
          "root": false,
          "rootEmpty": false,
          "_timeout": 10000
        },
        {
          "uuid": "42c62cf4-64b4-4492-9b7e-1811d3bbe280",
          "title": "TEST SUITE 5 (Error Messages Tests)",
          "fullFile": "C:\\Users\\moelh\\Desktop\\CS 458\\netflix-login\\tests\\test_case_5.js",
          "file": "\\test_case_5.js",
          "beforeHooks": [
            {
              "title": "\"before all\" hook in \"TEST SUITE 5 (Error Messages Tests)\"",
              "fullTitle": "TEST SUITE 5 (Error Messages Tests) \"before all\" hook in \"TEST SUITE 5 (Error Messages Tests)\"",
              "timedOut": false,
              "duration": 962,
              "state": null,
              "speed": null,
              "pass": false,
              "fail": false,
              "pending": false,
              "context": null,
              "code": "driver = await new Builder().forBrowser(\"chrome\").build();",
              "err": {},
              "uuid": "973b1125-beeb-436e-a7ea-f07c4e5a37a9",
              "parentUUID": "42c62cf4-64b4-4492-9b7e-1811d3bbe280",
              "isHook": true,
              "skipped": false
            },
            {
              "title": "\"before each\" hook in \"TEST SUITE 5 (Error Messages Tests)\"",
              "fullTitle": "TEST SUITE 5 (Error Messages Tests) \"before each\" hook in \"TEST SUITE 5 (Error Messages Tests)\"",
              "timedOut": false,
              "duration": 85,
              "state": null,
              "speed": null,
              "pass": false,
              "fail": false,
              "pending": false,
              "context": null,
              "code": "await driver.get(BASE_URL);",
              "err": {},
              "uuid": "0dad3167-c60a-47a6-8558-79650d4953e3",
              "parentUUID": "42c62cf4-64b4-4492-9b7e-1811d3bbe280",
              "isHook": true,
              "skipped": false
            }
          ],
          "afterHooks": [
            {
              "title": "\"after all\" hook in \"TEST SUITE 5 (Error Messages Tests)\"",
              "fullTitle": "TEST SUITE 5 (Error Messages Tests) \"after all\" hook in \"TEST SUITE 5 (Error Messages Tests)\"",
              "timedOut": false,
              "duration": 0,
              "state": null,
              "speed": null,
              "pass": false,
              "fail": false,
              "pending": false,
              "context": null,
              "code": "driver.quit();",
              "err": {},
              "uuid": "5900443b-22bd-44ae-b088-b01336f15bac",
              "parentUUID": "42c62cf4-64b4-4492-9b7e-1811d3bbe280",
              "isHook": true,
              "skipped": false
            }
          ],
          "tests": [
            {
              "title": "Check if invalid email form is entered.",
              "fullTitle": "TEST SUITE 5 (Error Messages Tests) Check if invalid email form is entered.",
              "timedOut": false,
              "duration": 593,
              "state": "passed",
              "speed": "slow",
              "pass": true,
              "fail": false,
              "pending": false,
              "context": null,
              "code": "await driver.wait(until.elementLocated(By.id(\"email-phone\")));\nawait driver.findElement(By.id(\"email-phone\")).sendKeys(\"in\");\nawait driver.findElement(By.id(\"password\")).sendKeys(\"pass\");\nawait driver.findElement(By.id(\"login-button\")).click();\nawait driver.wait(until.elementLocated(By.id(\"email-error-message\")));\nlet errorMessage = await driver.findElement(By.id(\"email-error-message\")).getText();\nexpect(errorMessage).to.equal(\"Lütfen geçerli bir telefon numarası veya e-posta adresi girin.\");",
              "err": {},
              "uuid": "bf84b8df-425d-4cbc-80b6-2dd6ffe65f8c",
              "parentUUID": "42c62cf4-64b4-4492-9b7e-1811d3bbe280",
              "isHook": false,
              "skipped": false
            },
            {
              "title": "Check if a too short password is entered",
              "fullTitle": "TEST SUITE 5 (Error Messages Tests) Check if a too short password is entered",
              "timedOut": false,
              "duration": 376,
              "state": "passed",
              "speed": "slow",
              "pass": true,
              "fail": false,
              "pending": false,
              "context": null,
              "code": "await driver.wait(until.elementLocated(By.id(\"password\")));\nawait driver.findElement(By.id(\"password\")).sendKeys(\"pas\");\nawait driver.findElement(By.id(\"login-button\")).click();\nlet errorMessage = await driver.findElement(By.id(\"wrongPassMsgContainer\")).getText();\nexpect(errorMessage).to.equal(\"Parola 4 ile 60 karakter olmalıdır.\");",
              "err": {},
              "uuid": "a872ba7d-f7ee-4278-a1f3-ce06b613414a",
              "parentUUID": "42c62cf4-64b4-4492-9b7e-1811d3bbe280",
              "isHook": false,
              "skipped": false
            }
          ],
          "suites": [],
          "passes": [
            "bf84b8df-425d-4cbc-80b6-2dd6ffe65f8c",
            "a872ba7d-f7ee-4278-a1f3-ce06b613414a"
          ],
          "failures": [],
          "pending": [],
          "skipped": [],
          "duration": 969,
          "root": false,
          "rootEmpty": false,
          "_timeout": 10000
        }
      ],
      "passes": [],
      "failures": [],
      "pending": [],
      "skipped": [],
      "duration": 0,
      "root": true,
      "rootEmpty": true,
      "_timeout": 10000
    }
  ],
  "meta": {
    "mocha": {
      "version": "9.2.1"
    },
    "mochawesome": {
      "options": {
        "quiet": false,
        "reportFilename": "mochawesome",
        "saveHtml": true,
        "saveJson": true,
        "consoleReporter": "spec",
        "useInlineDiffs": false,
        "code": true
      },
      "version": "7.0.1"
    },
    "marge": {
      "options": null,
      "version": "6.0.1"
    }
  }
}